01-16 16:19 [MainProcess, 21156] [INFO ]  Time used to process the Amazon data set = 0.18227410316467285 seconds.
01-16 16:19 [MainProcess, 21156] [INFO ]  Number of training instances = 27677, number of features = 5000.
01-16 16:19 [MainProcess, 21156] [INFO ]  Number of nonzero elements = 2140430
01-16 16:19 [MainProcess, 21156] [INFO ]  amazon_xx shape = (27677, 5000).
01-16 16:19 [MainProcess, 21156] [INFO ]  amazon_yy shape = (27677, 1).
01-16 16:19 [MainProcess, 21156] [INFO ]  Length of the books data set label list = 6465, label values = [0. 1.], label balance = 3264.0
01-16 16:19 [MainProcess, 21156] [INFO ]  Length of the dvd data set label list = 5586, label values = [0. 1.], label balance = 2807.0
01-16 16:19 [MainProcess, 21156] [INFO ]  Length of the electronics data set label list = 7681, label values = [0. 1.], label balance = 3857.0
01-16 16:19 [MainProcess, 21156] [INFO ]  Length of the kitchen data set label list = 7945, label values = [0. 1.], label balance = 3954.0
01-16 16:19 [MainProcess, 21156] [INFO ]  Data sets: ['books', 'dvd', 'electronics', 'kitchen']
01-16 16:19 [MainProcess, 21156] [INFO ]  Number of total instances in the data sets: [6465, 5586, 7681, 7945]
01-16 16:19 [MainProcess, 21156] [INFO ]  Training fraction = 1.0, number of actual training data instances = 2000
01-16 16:19 [MainProcess, 21156] [INFO ]  ----------------------------------------------------------------------------------------------------
01-16 16:19 [MainProcess, 21156] [INFO ]  Training with domain adaptation using PyTorch madnNet: 
01-16 16:19 [MainProcess, 21156] [INFO ]  Hyperparameter setting = {'input_dim': 5000, 'hidden_layers': [1000, 500, 100], 'num_classes': 2, 'num_epochs': 15, 'batch_size': 20, 'lr': 1.0, 'mu': 0.01, 'num_domains': 3, 'mode': 'dynamic', 'gamma': 10.0, 'verbose': True}.
01-16 16:21 [MainProcess, 21165] [INFO ]  Time used to process the Amazon data set = 0.14325308799743652 seconds.
01-16 16:21 [MainProcess, 21165] [INFO ]  Number of training instances = 27677, number of features = 5000.
01-16 16:21 [MainProcess, 21165] [INFO ]  Number of nonzero elements = 2140430
01-16 16:21 [MainProcess, 21165] [INFO ]  amazon_xx shape = (27677, 5000).
01-16 16:21 [MainProcess, 21165] [INFO ]  amazon_yy shape = (27677, 1).
01-16 16:21 [MainProcess, 21165] [INFO ]  Length of the books data set label list = 6465, label values = [0. 1.], label balance = 3264.0
01-16 16:21 [MainProcess, 21165] [INFO ]  Length of the dvd data set label list = 5586, label values = [0. 1.], label balance = 2807.0
01-16 16:21 [MainProcess, 21165] [INFO ]  Length of the electronics data set label list = 7681, label values = [0. 1.], label balance = 3857.0
01-16 16:21 [MainProcess, 21165] [INFO ]  Length of the kitchen data set label list = 7945, label values = [0. 1.], label balance = 3954.0
01-16 16:21 [MainProcess, 21165] [INFO ]  Data sets: ['books', 'dvd', 'electronics', 'kitchen']
01-16 16:21 [MainProcess, 21165] [INFO ]  Number of total instances in the data sets: [6465, 5586, 7681, 7945]
01-16 16:21 [MainProcess, 21165] [INFO ]  Training fraction = 1.0, number of actual training data instances = 2000
01-16 16:21 [MainProcess, 21165] [INFO ]  ----------------------------------------------------------------------------------------------------
01-16 16:21 [MainProcess, 21165] [INFO ]  Training with domain adaptation using PyTorch madnNet: 
01-16 16:21 [MainProcess, 21165] [INFO ]  Hyperparameter setting = {'input_dim': 5000, 'hidden_layers': [1000, 500, 100], 'num_classes': 2, 'num_epochs': 15, 'batch_size': 20, 'lr': 1.0, 'mu': 0.01, 'num_domains': 3, 'mode': 'dynamic', 'gamma': 10.0, 'verbose': True}.
01-16 16:21 [MainProcess, 21165] [INFO ]  Iteration 0, loss = 67.70203125476837
01-16 16:21 [MainProcess, 21165] [INFO ]  Iteration 1, loss = 40.15320906043053
01-16 16:21 [MainProcess, 21165] [INFO ]  Iteration 2, loss = 30.053222179412842
01-16 16:21 [MainProcess, 21165] [INFO ]  Iteration 3, loss = 21.122087255120277
01-16 16:22 [MainProcess, 21165] [INFO ]  Iteration 4, loss = 17.23231466114521
01-16 16:22 [MainProcess, 21165] [INFO ]  Iteration 5, loss = 14.835151739418507
01-16 16:22 [MainProcess, 21165] [INFO ]  Iteration 6, loss = 13.50695289671421
01-16 16:22 [MainProcess, 21165] [INFO ]  Iteration 7, loss = 12.898137249052525
01-16 16:22 [MainProcess, 21165] [INFO ]  Iteration 8, loss = 12.590843610465527
01-16 16:22 [MainProcess, 21165] [INFO ]  Iteration 9, loss = 12.431987643241882
01-16 16:23 [MainProcess, 21165] [INFO ]  Iteration 10, loss = 12.37767630815506
01-16 16:23 [MainProcess, 21165] [INFO ]  Iteration 11, loss = 12.371256656944752
01-16 16:23 [MainProcess, 21165] [INFO ]  Iteration 12, loss = 12.38267034292221
01-16 16:23 [MainProcess, 21165] [INFO ]  Iteration 13, loss = 12.40613728016615
01-16 16:23 [MainProcess, 21165] [INFO ]  Iteration 14, loss = 12.412246726453304
01-16 16:23 [MainProcess, 21165] [INFO ]  Prediction accuracy on books = 0.7778275475923853, time used = 138.01574301719666 seconds.
01-16 16:23 [MainProcess, 21165] [INFO ]  Iteration 0, loss = 66.65608078241348
01-16 16:24 [MainProcess, 21165] [INFO ]  Iteration 1, loss = 43.0762247890234
01-16 16:24 [MainProcess, 21165] [INFO ]  Iteration 2, loss = 32.78976456820965
01-16 16:24 [MainProcess, 21165] [INFO ]  Iteration 3, loss = 23.61928741633892
01-16 16:24 [MainProcess, 21165] [INFO ]  Iteration 4, loss = 18.475010439753532
01-16 16:24 [MainProcess, 21165] [INFO ]  Iteration 5, loss = 14.52335349470377
01-16 16:24 [MainProcess, 21165] [INFO ]  Iteration 6, loss = 13.584290564060211
01-16 16:25 [MainProcess, 21165] [INFO ]  Iteration 7, loss = 13.081271834671497
01-16 16:25 [MainProcess, 21165] [INFO ]  Iteration 8, loss = 12.899458460509777
01-16 16:25 [MainProcess, 21165] [INFO ]  Iteration 9, loss = 13.018163666129112
01-16 16:25 [MainProcess, 21165] [INFO ]  Iteration 10, loss = 12.448016211390495
01-16 16:26 [MainProcess, 21174] [INFO ]  Time used to process the Amazon data set = 3.5942881107330322 seconds.
01-16 16:26 [MainProcess, 21174] [INFO ]  Number of training instances = 27677, number of features = 5000.
01-16 16:26 [MainProcess, 21174] [INFO ]  Number of nonzero elements = 2140430
01-16 16:26 [MainProcess, 21174] [INFO ]  amazon_xx shape = (27677, 5000).
01-16 16:26 [MainProcess, 21174] [INFO ]  amazon_yy shape = (27677, 1).
01-16 16:26 [MainProcess, 21174] [INFO ]  Length of the books data set label list = 6465, label values = [0. 1.], label balance = 3264.0
01-16 16:26 [MainProcess, 21174] [INFO ]  Length of the dvd data set label list = 5586, label values = [0. 1.], label balance = 2807.0
01-16 16:26 [MainProcess, 21174] [INFO ]  Length of the electronics data set label list = 7681, label values = [0. 1.], label balance = 3857.0
01-16 16:26 [MainProcess, 21174] [INFO ]  Length of the kitchen data set label list = 7945, label values = [0. 1.], label balance = 3954.0
01-16 16:26 [MainProcess, 21174] [INFO ]  Data sets: ['books', 'dvd', 'electronics', 'kitchen']
01-16 16:26 [MainProcess, 21174] [INFO ]  Number of total instances in the data sets: [6465, 5586, 7681, 7945]
01-16 16:26 [MainProcess, 21174] [INFO ]  Training fraction = 1.0, number of actual training data instances = 2000
01-16 16:26 [MainProcess, 21174] [INFO ]  ----------------------------------------------------------------------------------------------------
01-16 16:26 [MainProcess, 21174] [INFO ]  Training with domain adaptation using PyTorch madnNet: 
01-16 16:26 [MainProcess, 21174] [INFO ]  Hyperparameter setting = {'input_dim': 5000, 'hidden_layers': [1000, 500, 100], 'num_classes': 2, 'num_epochs': 1, 'batch_size': 20, 'lr': 1.0, 'mu': 0.01, 'num_domains': 3, 'mode': 'dynamic', 'gamma': 10.0, 'verbose': True}.
01-16 16:27 [MainProcess, 21174] [INFO ]  Iteration 0, loss = 67.70203125476837
01-16 16:27 [MainProcess, 21174] [INFO ]  Prediction accuracy on books = 0.7603583426651735, time used = 39.5470712184906 seconds.
01-16 16:28 [MainProcess, 21174] [INFO ]  Iteration 0, loss = 67.3852696120739
01-16 16:28 [MainProcess, 21174] [INFO ]  Prediction accuracy on dvd = 0.7816508644729504, time used = 39.778160095214844 seconds.
01-16 16:28 [MainProcess, 21174] [INFO ]  Iteration 0, loss = 68.69320285320282
01-16 16:28 [MainProcess, 21174] [INFO ]  Prediction accuracy on electronics = 0.7949304699876782, time used = 35.126049757003784 seconds.
01-16 16:29 [MainProcess, 21174] [INFO ]  Iteration 0, loss = 70.36729907989502
01-16 16:29 [MainProcess, 21174] [INFO ]  Prediction accuracy on kitchen = 0.831959629941127, time used = 39.392395973205566 seconds.
01-16 16:29 [MainProcess, 21174] [INFO ]  Prediction accuracy with multiple source domain adaptation using madnNet: 
01-16 16:29 [MainProcess, 21174] [INFO ]  {'books': 0.7603583426651735, 'dvd': 0.7816508644729504, 'electronics': 0.7949304699876782, 'kitchen': 0.831959629941127}
01-16 16:29 [MainProcess, 21174] [INFO ]  ****************************************************************************************************
